<?xml version="1.0" encoding="UTF-8"?>
<!-- Generated by org.testng.reporters.JUnitXMLReporter -->
<testsuite ignored="0" hostname="ITT-MASINENI" failures="0" tests="2" name="Default test" time="65.321" errors="0" timestamp="2025-01-29T23:46:58 IST">
  <testcase classname="AutomationExercise.Tests.PositiveTests" name="loginWithCorrectCredentials" time="6.113"/>
  <testcase classname="AutomationExercise.Tests.PositiveTests" name="verifyRegisterUser" time="8.31"/>
</testsuite> <!-- Default test -->
