<?xml version="1.0" encoding="UTF-8"?>
<!-- Generated by org.testng.reporters.JUnitXMLReporter -->
<testsuite ignored="0" hostname="ITT-MASINENI" failures="0" tests="3" name="Default test" time="52.458" errors="0" timestamp="2025-01-25T04:42:46 IST">
  <testcase classname="AutomationExercise.Tests.dataTests" name="verifyRegisterUser" time="5.025"/>
  <testcase classname="AutomationExercise.Tests.dataTests" name="verifyRegisterUser" time="4.073"/>
  <testcase classname="AutomationExercise.Tests.dataTests" name="verifyRegisterUser" time="4.88"/>
</testsuite> <!-- Default test -->
