<?xml version="1.0" encoding="UTF-8"?>
<!-- Generated by org.testng.reporters.JUnitXMLReporter -->
<testsuite ignored="0" hostname="ITT-MASINENI" failures="1" tests="1" name="Test" time="10.708" errors="0" timestamp="2025-01-23T01:59:08 IST">
  <testcase classname="AutomationExercise.Tests.PositiveTests" name="verifyRegisterUser" time="1.981">
    <failure type="java.lang.AssertionError" message="expected [false] but found [true]">
      <![CDATA[java.lang.AssertionError: expected [false] but found [true]
at AutomationExercise.Tests.PositiveTests.verifyRegisterUser(PositiveTests.java:33)
at java.base/java.util.ArrayList.forEach(ArrayList.java:1511)
... Removed 31 stack frames]]>
    </failure>
  </testcase> <!-- verifyRegisterUser -->
</testsuite> <!-- Test -->
