<?xml version="1.0" encoding="UTF-8"?>
<testng-results ignored="0" total="2" passed="2" failed="0" skipped="0">
  <reporter-output>
  </reporter-output>
  <suite started-at="2025-01-29T23:59:31 IST" name="Suite" finished-at="2025-01-30T00:00:12 IST" duration-ms="40598">
    <groups>
    </groups>
    <test started-at="2025-01-29T23:59:31 IST" name="Test" finished-at="2025-01-30T00:00:12 IST" duration-ms="40598">
      <class name="AutomationExercise.Tests.PositiveTests">
        <test-method is-config="true" signature="navigateToUrl()[pri:0, instance:AutomationExercise.Tests.PositiveTests@306e95ec]" started-at="2025-01-29T23:59:32 IST" name="navigateToUrl" finished-at="2025-01-29T23:59:40 IST" duration-ms="7773" status="PASS">
          <reporter-output>
          </reporter-output>
        </test-method> <!-- navigateToUrl -->
        <test-method is-config="true" signature="setUpObjects()[pri:0, instance:AutomationExercise.Tests.PositiveTests@306e95ec]" started-at="2025-01-29T23:59:40 IST" name="setUpObjects" finished-at="2025-01-29T23:59:40 IST" depends-on-methods="AutomationExercise.TestComponents.BaseTestClass.navigateToUrl" duration-ms="47" status="PASS">
          <reporter-output>
          </reporter-output>
        </test-method> <!-- setUpObjects -->
        <test-method is-config="true" signature="createUsersForTesting(org.testng.ITestResult)[pri:0, instance:AutomationExercise.Tests.PositiveTests@306e95ec]" started-at="2025-01-29T23:59:40 IST" name="createUsersForTesting" finished-at="2025-01-29T23:59:49 IST" depends-on-methods="AutomationExercise.TestComponents.BaseTestClass.setUpObjects" duration-ms="8946" status="PASS">
          <params>
            <param index="0">
              <value>
                <![CDATA[[TestResult name={null} status=CREATED method=PositiveTests.loginWithCorrectCredentials()[pri:0, instance:AutomationExercise.Tests.PositiveTests@306e95ec] output={null}]]]>
              </value>
            </param>
          </params>
          <reporter-output>
          </reporter-output>
        </test-method> <!-- createUsersForTesting -->
        <test-method signature="loginWithCorrectCredentials()[pri:0, instance:AutomationExercise.Tests.PositiveTests@306e95ec]" started-at="2025-01-29T23:59:49 IST" name="loginWithCorrectCredentials" finished-at="2025-01-29T23:59:53 IST" duration-ms="4315" status="PASS">
          <reporter-output>
          </reporter-output>
        </test-method> <!-- loginWithCorrectCredentials -->
        <test-method is-config="true" signature="closeBrowser()[pri:0, instance:AutomationExercise.Tests.PositiveTests@306e95ec]" started-at="2025-01-29T23:59:53 IST" name="closeBrowser" finished-at="2025-01-29T23:59:53 IST" duration-ms="227" status="PASS">
          <reporter-output>
          </reporter-output>
        </test-method> <!-- closeBrowser -->
        <test-method is-config="true" signature="navigateToUrl()[pri:0, instance:AutomationExercise.Tests.PositiveTests@306e95ec]" started-at="2025-01-29T23:59:53 IST" name="navigateToUrl" finished-at="2025-01-30T00:00:01 IST" duration-ms="8224" status="PASS">
          <reporter-output>
          </reporter-output>
        </test-method> <!-- navigateToUrl -->
        <test-method is-config="true" signature="setUpObjects()[pri:0, instance:AutomationExercise.Tests.PositiveTests@306e95ec]" started-at="2025-01-30T00:00:01 IST" name="setUpObjects" finished-at="2025-01-30T00:00:01 IST" depends-on-methods="AutomationExercise.TestComponents.BaseTestClass.navigateToUrl" duration-ms="1" status="PASS">
          <reporter-output>
          </reporter-output>
        </test-method> <!-- setUpObjects -->
        <test-method signature="verifyRegisterUser()[pri:0, instance:AutomationExercise.Tests.PositiveTests@306e95ec]" started-at="2025-01-30T00:00:01 IST" name="verifyRegisterUser" finished-at="2025-01-30T00:00:12 IST" duration-ms="10485" status="PASS">
          <reporter-output>
          </reporter-output>
        </test-method> <!-- verifyRegisterUser -->
        <test-method is-config="true" signature="createUsersForTesting(org.testng.ITestResult)[pri:0, instance:AutomationExercise.Tests.PositiveTests@306e95ec]" started-at="2025-01-30T00:00:01 IST" name="createUsersForTesting" finished-at="2025-01-30T00:00:01 IST" depends-on-methods="AutomationExercise.TestComponents.BaseTestClass.setUpObjects" duration-ms="0" status="PASS">
          <params>
            <param index="0">
              <value>
                <![CDATA[[TestResult name={null} status=CREATED method=PositiveTests.verifyRegisterUser()[pri:0, instance:AutomationExercise.Tests.PositiveTests@306e95ec] output={null}]]]>
              </value>
            </param>
          </params>
          <reporter-output>
          </reporter-output>
        </test-method> <!-- createUsersForTesting -->
        <test-method is-config="true" signature="closeBrowser()[pri:0, instance:AutomationExercise.Tests.PositiveTests@306e95ec]" started-at="2025-01-30T00:00:12 IST" name="closeBrowser" finished-at="2025-01-30T00:00:12 IST" duration-ms="181" status="PASS">
          <reporter-output>
          </reporter-output>
        </test-method> <!-- closeBrowser -->
      </class> <!-- AutomationExercise.Tests.PositiveTests -->
    </test> <!-- Test -->
  </suite> <!-- Suite -->
</testng-results>
